Removed Pin From Net: NetName=PA10 Pin=D1-A
Removed Pin From Net: NetName=PA9 Pin=D2-A
Added Component: Designator=R2(RESC1608X55N)
Add component (AddParameter): Name = "Check_prices"; Value = "https://www.snapeda.com/parts/CRG0603F4K7/TE+Connectivity+Passive+Product/view-part/?ref=eda"; VariantName = "[No Variations]"
Add component (AddParameter): Name = "EU_RoHS_Compliance"; Value = "Compliant with Exemptions"; VariantName = "[No Variations]"
Add component (AddParameter): Name = "MF"; Value = "TE Connectivity"; VariantName = "[No Variations]"
Add component (AddParameter): Name = "MP"; Value = "CRG0603F4K7"; VariantName = "[No Variations]"
Add component (AddParameter): Name = "Package"; Value = "0603"; VariantName = "[No Variations]"
Add component (AddParameter): Name = "Power_Rating"; Value = ".1 W"; VariantName = "[No Variations]"
Add component (AddParameter): Name = "Resistance"; Value = "4.7K"; VariantName = "[No Variations]"
Add component (AddParameter): Name = "SnapEDA_Link"; Value = "https://www.snapeda.com/parts/CRG0603F4K7/TE+Connectivity+Passive+Product/view-part/?ref=snap"; VariantName = "[No Variations]"
Add component (AddParameter): Name = "Tolerance"; Value = "1%"; VariantName = "[No Variations]"
Add component (AddParameter): Name = "Value"; Value = ""; VariantName = "[No Variations]"
Add component (AddParameter): Name = "Voltage_Rating"; Value = "50 V"; VariantName = "[No Variations]"
Added Component: Designator=R3(RESC6332X120N)
Add component (AddParameter): Name = "Check_prices"; Value = "https://www.snapeda.com/parts/3522220RFT/TE+Connectivity/view-part/?ref=eda"; VariantName = "[No Variations]"
Add component (AddParameter): Name = "EU_RoHS_Compliance"; Value = "Compliant with Exemptions"; VariantName = "[No Variations]"
Add component (AddParameter): Name = "MF"; Value = "TE Connectivity"; VariantName = "[No Variations]"
Add component (AddParameter): Name = "MP"; Value = "3522220RFT"; VariantName = "[No Variations]"
Add component (AddParameter): Name = "Package"; Value = "2512"; VariantName = "[No Variations]"
Add component (AddParameter): Name = "Power_Rating"; Value = "3 W"; VariantName = "[No Variations]"
Add component (AddParameter): Name = "Resistance"; Value = "220"; VariantName = "[No Variations]"
Add component (AddParameter): Name = "SnapEDA_Link"; Value = "https://www.snapeda.com/parts/3522220RFT/TE+Connectivity/view-part/?ref=snap"; VariantName = "[No Variations]"
Add component (AddParameter): Name = "Tolerance"; Value = "1%"; VariantName = "[No Variations]"
Add component (AddParameter): Name = "Value"; Value = ""; VariantName = "[No Variations]"
Added Pin To Net: NetName=PA9 Pin=R2-1
Added Pin To Net: NetName=PA10 Pin=R3-1
Added Pin To Net: NetName=NetD1_A Pin=D1-A
Added Pin To Net: NetName=NetD1_A Pin=R3-2
Added Net: Name=NetD1_A
Added Pin To Net: NetName=NetD2_A Pin=D2-A
Added Pin To Net: NetName=NetD2_A Pin=R2-2
Added Net: Name=NetD2_A
Added Member To Class: ClassName=PCB_Slave_Traffic_Light Member=Component R2 4k7
Added Member To Class: ClassName=PCB_Slave_Traffic_Light Member=Component R3 220
