Added Component: Designator=D1(SAMTEC_HTSW-104-23-SM-S)
Add component (AddParameter): Name = "Availability"; Value = "In Stock"; VariantName = "[No Variations]"
Add component (AddParameter): Name = "Check_prices"; Value = "https://www.snapeda.com/parts/HTSW10423SMS/Samtec/view-part/?ref=eda"; VariantName = "[No Variations]"
Add component (AddParameter): Name = "MF"; Value = "Samtec"; VariantName = "[No Variations]"
Add component (AddParameter): Name = "MP"; Value = "HTSW10423SMS"; VariantName = "[No Variations]"
Add component (AddParameter): Name = "Package"; Value = "None"; VariantName = "[No Variations]"
Add component (AddParameter): Name = "Price"; Value = "None"; VariantName = "[No Variations]"
Add component (AddParameter): Name = "Purchase-URL"; Value = "https://pricing.snapeda.com/search/part/HTSW10423SMS/?ref=eda"; VariantName = "[No Variations]"
Add component (AddParameter): Name = "SnapEDA_Link"; Value = "https://www.snapeda.com/parts/HTSW10423SMS/Samtec/view-part/?ref=snap"; VariantName = "[No Variations]"
Add component (AddParameter): Name = "Value"; Value = ""; VariantName = "[No Variations]"
Added Component: Designator=D2(HARWIN_M20-7820546)
Add component (AddParameter): Name = "Availability"; Value = "Unavailable"; VariantName = "[No Variations]"
Add component (AddParameter): Name = "MF"; Value = ""; VariantName = "[No Variations]"
Add component (AddParameter): Name = "MP"; Value = "M20-7820546"; VariantName = "[No Variations]"
Add component (AddParameter): Name = "Package"; Value = "None"; VariantName = "[No Variations]"
Add component (AddParameter): Name = "Price"; Value = "None"; VariantName = "[No Variations]"
Add component (AddParameter): Name = "Value"; Value = ""; VariantName = "[No Variations]"
Added Component: Designator=M1(HARWIN_M20-7820546)
Add component (AddParameter): Name = "Availability"; Value = "Unavailable"; VariantName = "[No Variations]"
Add component (AddParameter): Name = "MF"; Value = ""; VariantName = "[No Variations]"
Add component (AddParameter): Name = "MP"; Value = "M20-7820546"; VariantName = "[No Variations]"
Add component (AddParameter): Name = "Package"; Value = "None"; VariantName = "[No Variations]"
Add component (AddParameter): Name = "Price"; Value = "None"; VariantName = "[No Variations]"
Add component (AddParameter): Name = "Value"; Value = ""; VariantName = "[No Variations]"
Added Component: Designator=U1(Stm32 BluePill)
Added Component: Designator=U2(SAMTEC_MTSW-109-13-G-D-905)
Add component (AddParameter): Name = "Availability"; Value = "Unavailable"; VariantName = "[No Variations]"
Add component (AddParameter): Name = "MF"; Value = ""; VariantName = "[No Variations]"
Add component (AddParameter): Name = "MP"; Value = "MTSW-109-13-G-D-905"; VariantName = "[No Variations]"
Add component (AddParameter): Name = "Package"; Value = "None"; VariantName = "[No Variations]"
Add component (AddParameter): Name = "Price"; Value = "None"; VariantName = "[No Variations]"
Add component (AddParameter): Name = "Value"; Value = ""; VariantName = "[No Variations]"
Added Pin To Net: NetName=GND Pin=D1-04
Added Pin To Net: NetName=GND Pin=D2-4
Added Pin To Net: NetName=GND Pin=M1-2
Added Pin To Net: NetName=GND Pin=U1-19
Added Pin To Net: NetName=GND Pin=U1-39
Added Pin To Net: NetName=GND Pin=U1-40
Added Pin To Net: NetName=GND Pin=U2-02
Added Pin To Net: NetName=GND Pin=U2-04
Added Pin To Net: NetName=GND Pin=U2-06
Added Pin To Net: NetName=GND Pin=U2-08
Added Pin To Net: NetName=GND Pin=U2-10
Added Pin To Net: NetName=GND Pin=U2-12
Added Pin To Net: NetName=GND Pin=U2-14
Added Pin To Net: NetName=GND Pin=U2-16
Added Pin To Net: NetName=GND Pin=U2-18
Added Net: Name=GND
Added Pin To Net: NetName=Out3.3 Pin=M1-1
Added Pin To Net: NetName=Out3.3 Pin=U1-20
Added Pin To Net: NetName=Out3.3 Pin=U2-11
Added Net: Name=Out3.3
Added Pin To Net: NetName=Out5 Pin=D2-5
Added Pin To Net: NetName=Out5 Pin=U2-13
Added Net: Name=Out5
Added Pin To Net: NetName=PA2 Pin=M1-3
Added Pin To Net: NetName=PA2 Pin=U1-27
Added Net: Name=PA2
Added Pin To Net: NetName=PA3 Pin=M1-4
Added Pin To Net: NetName=PA3 Pin=U1-28
Added Net: Name=PA3
Added Pin To Net: NetName=PA8 Pin=D1-01
Added Pin To Net: NetName=PA8 Pin=U1-5
Added Net: Name=PA8
Added Pin To Net: NetName=PA9 Pin=D1-02
Added Pin To Net: NetName=PA9 Pin=U1-6
Added Net: Name=PA9
Added Pin To Net: NetName=PA10 Pin=D1-03
Added Pin To Net: NetName=PA10 Pin=U1-7
Added Net: Name=PA10
Added Pin To Net: NetName=PB13 Pin=D2-2
Added Pin To Net: NetName=PB13 Pin=U1-2
Added Net: Name=PB13
Added Pin To Net: NetName=PB15 Pin=D2-3
Added Pin To Net: NetName=PB15 Pin=U1-4
Added Net: Name=PB15
Added Class: Name=PCB_Slave_Traffic_Light
Added Rule: Name=Schematic Supply Nets
