Add Component: Footprint Not Found TE_4-1437565-9
Add Component: Footprint Not Found TE_4-1437565-9
Add Component: Footprint Not Found TE_4-1437565-9
Add Component: Footprint Not Found TE_4-1437565-9
Add Component: Footprint Not Found TE_4-1437565-9
Add Component: Footprint Not Found TE_4-1437565-9
Add Component: Footprint Not Found XCVR_NRF24L01P-MODULE-PCB
Add Pin To Net: Unknown Pin: Pin SW1-1
Add Pin To Net: Unknown Pin: Pin SW1-3
Add Pin To Net: Unknown Pin: Pin SW2-1
Add Pin To Net: Unknown Pin: Pin SW2-3
Add Pin To Net: Unknown Pin: Pin SW3-1
Add Pin To Net: Unknown Pin: Pin SW3-3
Add Pin To Net: Unknown Pin: Pin SW4-1
Add Pin To Net: Unknown Pin: Pin SW4-3
Add Pin To Net: Unknown Pin: Pin SW5-1
Add Pin To Net: Unknown Pin: Pin SW5-3
Add Pin To Net: Unknown Pin: Pin SW6-1
Add Pin To Net: Unknown Pin: Pin SW6-3
Add Pin To Net: Unknown Pin: Pin U2-1
Add Pin To Net: Unknown Pin: Pin U2-2
Add Pin To Net: Unknown Pin: Pin U2-3
Add Pin To Net: Unknown Pin: Pin U2-4
Add Pin To Net: Unknown Pin: Pin U2-5
Add Pin To Net: Unknown Pin: Pin U2-6
Add Pin To Net: Unknown Pin: Pin U2-7
Add Pin To Net: Unknown Pin: Pin U2-8
Add Class Member: Failed to add class member : Component SW1 Button - Normal Mode
Add Class Member: Failed to add class member : Component SW2 Button - Heavy Mode
Add Class Member: Failed to add class member : Component SW3 Button - Night Mode
Add Class Member: Failed to add class member : Component SW4 Button - Control Mode
Add Class Member: Failed to add class member : Component SW5 Button - Control state
Add Class Member: Failed to add class member : Component SW6 Button - Reset
Add Class Member: Failed to add class member : Component U2 NRF24L01
