Remove Pin=D4-A From Net=PA10
Remove Pin=D5-A From Net=PA9
Remove Pin=D6-A From Net=PA8
Remove Pin=IC3-11 From Net=PB13
Remove Pin=IC3-12 From Net=PB12
Remove Pin=IC3-14 From Net=PB15
Remove Pin=IC4-11 From Net=PB13
Remove Pin=IC4-12 From Net=PB12
Remove Pin=J2-1 From Net=Line
Remove Pin=J2-3 From Net=Neutral
Remove Pin=PS1-6 From Net=Out5
Remove Pin=PS3-1 From Net=Neutral
Remove Pin=PS3-3 From Net=Line
Remove Pin=PS4-1 From Net=Neutral
Remove Pin=PS4-2 From Net=Line
Remove Pin=U1-18 From Net=Out5
Remove Pin=U5-1 From Net=PB12
Remove Pin=U5-2 From Net=PB13
Remove Pin=U5-4 From Net=PB15
Remove Pin=U5-5 From Net=PA8
Remove Pin=U5-6 From Net=PA9
Remove Pin=U5-7 From Net=PA10
Remove Pin=U5-13 From Net=PB5
Remove Pin=U5-14 From Net=PB6
Remove Pin=U5-15 From Net=PB7
Remove Pin=U5-16 From Net=PB8
Remove Pin=U5-17 From Net=PB9
Remove Pin=U5-20 From Net=Out3.3
Remove Pin=U5-25 From Net=PA0
Remove Pin=U5-26 From Net=PA1
Remove Pin=U5-28 From Net=PA3
Remove Pin=U5-29 From Net=PA4
Remove Pin=U5-30 From Net=PA5
Remove Pin=U5-31 From Net=PA6
Remove Pin=U5-32 From Net=PA7
Remove Pin=U5-35 From Net=PB10
Remove Pin=U5-36 From Net=PB11
Remove Pin=U6-2 From Net=PA1
Remove Pin=U6-3 From Net=PA3
Remove Pin=U6-4 From Net=PA4
Remove Pin=U6-5 From Net=PA5
Remove Pin=U6-6 From Net=PA7
Remove Pin=U6-7 From Net=PA6
Remove Pin=U6-8 From Net=PA0
Change Component Designator: OldDesignator=U2 NewDesignator=U
