Removed Pin From Net: NetName=Out5 Pin=J4-01
Removed Pin From Net: NetName=GND Pin=J4-02
Removed Pin From Net: NetName=Out5 Pin=J4-03
Removed Pin From Net: NetName=GND Pin=J4-04
Removed Pin From Net: NetName=Out5 Pin=J4-05
Removed Pin From Net: NetName=GND Pin=J4-06
Removed Pin From Net: NetName=Out3.3 Pin=J5-01
Removed Pin From Net: NetName=GND Pin=J5-02
Removed Pin From Net: NetName=Out3.3 Pin=J5-03
Removed Pin From Net: NetName=GND Pin=J5-04
Removed Pin From Net: NetName=Out3.3 Pin=J5-05
Removed Pin From Net: NetName=GND Pin=J5-06
Removed Member From Class: ClassName=PCB_Master_Traffic_Light Member=J5
Added Component: Designator=J4(SAMTEC_MTSW-109-13-G-D-905)
Add component (AddParameter): Name = "Availability"; Value = "Unavailable"; VariantName = "[No Variations]"
Add component (AddParameter): Name = "MF"; Value = ""; VariantName = "[No Variations]"
Add component (AddParameter): Name = "MP"; Value = "MTSW-109-13-G-D-905"; VariantName = "[No Variations]"
Add component (AddParameter): Name = "Package"; Value = "None"; VariantName = "[No Variations]"
Add component (AddParameter): Name = "Price"; Value = "None"; VariantName = "[No Variations]"
Add component (AddParameter): Name = "Value"; Value = ""; VariantName = "[No Variations]"
Added Pin To Net: NetName=GND Pin=J4-02
Added Pin To Net: NetName=GND Pin=J4-04
Added Pin To Net: NetName=GND Pin=J4-06
Added Pin To Net: NetName=Out3.3 Pin=J4-07
Added Pin To Net: NetName=GND Pin=J4-08
Added Pin To Net: NetName=Out3.3 Pin=J4-09
Added Pin To Net: NetName=GND Pin=J4-10
Added Pin To Net: NetName=Out3.3 Pin=J4-11
Added Pin To Net: NetName=GND Pin=J4-12
Added Pin To Net: NetName=Out5 Pin=J4-13
Added Pin To Net: NetName=GND Pin=J4-14
Added Pin To Net: NetName=Out5 Pin=J4-15
Added Pin To Net: NetName=GND Pin=J4-16
Added Pin To Net: NetName=Out5 Pin=J4-17
Added Pin To Net: NetName=GND Pin=J4-18
