Removed Pin From Net: NetName=Out5 Pin=U1-18
Change Component Description : Designator=R2 Old Description=Resistor, Thick Film, Res 4.7 Kilohms, Pwr-Rtg 0.1 W, Tol 1%, SMT, 0603 New Description=Resistor, Thick Film, Res 4.7 Kilohms, Pwr-Rtg 0.1 W, Tol 1%, SMT, 0603 | TE Connectivity CRG0603F4K7
Added Component: Designator=U5(MODULE_TC00500)
Add component (AddParameter): Name = "Availability"; Value = "Not in stock"; VariantName = "[No Variations]"
Add component (AddParameter): Name = "MF"; Value = "YKS"; VariantName = "[No Variations]"
Add component (AddParameter): Name = "MP"; Value = "TC00500"; VariantName = "[No Variations]"
Add component (AddParameter): Name = "Package"; Value = "None"; VariantName = "[No Variations]"
Add component (AddParameter): Name = "Price"; Value = "None"; VariantName = "[No Variations]"
Add component (AddParameter): Name = "Value"; Value = ""; VariantName = "[No Variations]"
Added Pin To Net: NetName=PB10 Pin=U5-3
Added Pin To Net: NetName=PB11 Pin=U5-4
Added Pin To Net: NetName=GND Pin=U5-6
Added Pin To Net: NetName=Out51 Pin=U1-18
Added Pin To Net: NetName=Out51 Pin=U5-5
Added Net: Name=Out51
Added Pin To Net: NetName=PA11 Pin=SW1-1
Added Pin To Net: NetName=PA11 Pin=U1-8
Added Net: Name=PA11
Added Pin To Net: NetName=PA12 Pin=SW2-1
Added Pin To Net: NetName=PA12 Pin=U1-9
Added Net: Name=PA12
Added Pin To Net: NetName=PA15 Pin=SW3-1
Added Pin To Net: NetName=PA15 Pin=U1-10
Added Net: Name=PA15
Added Pin To Net: NetName=PB3 Pin=SW4-1
Added Pin To Net: NetName=PB3 Pin=U1-11
Added Net: Name=PB3
Added Pin To Net: NetName=PB4 Pin=SW5-1
Added Pin To Net: NetName=PB4 Pin=U1-12
Added Net: Name=PB4
Added Member To Class: ClassName=PCB_Master_Traffic_Light Member=Component U5 TC00500
