Removed Pin From Net: NetName=GND Pin=J2-GND@1
Removed Pin From Net: NetName=GND Pin=J2-GND@2
Removed Pin From Net: NetName=GND Pin=J2-GND@3
Removed Pin From Net: NetName=SWCLK Pin=J2-SWCLK
Removed Pin From Net: NetName=SWDIO Pin=J2-SWDIO
Removed Pin From Net: NetName=Out3.3 Pin=J2-VREF
Change Component Footprint: Designator=J2 Old Footprint=ARM-JTAG-10-SWD-IDC New Footprint=SAMTEC_HTSW-104-23-SM-S
Change Component Comment : Designator=J2 Old Comment=SWD New Comment=HTSW-104-23-SM-S
Change component parameters: Designator = "J2" ("J2"); Footprint = "ARM-JTAG-10-SWD-IDC"; UniqueID = "\VYKLWHPK" ("\VYKLWHPK")
Change component parameters (AddParameter): Name = "Availability"; Value = "In Stock"; VariantName = "[No Variations]"
Change component parameters (AddParameter): Name = "Check_prices"; Value = "https://www.snapeda.com/parts/HTSW10423SMS/Samtec/view-part/?ref=eda"; VariantName = "[No Variations]"
Change component parameters (AddParameter): Name = "MF"; Value = "Samtec"; VariantName = "[No Variations]"
Change component parameters (AddParameter): Name = "MP"; Value = "HTSW10423SMS"; VariantName = "[No Variations]"
Change component parameters (AddParameter): Name = "Package"; Value = "None"; VariantName = "[No Variations]"
Change component parameters (AddParameter): Name = "Price"; Value = "None"; VariantName = "[No Variations]"
Change component parameters (AddParameter): Name = "Purchase-URL"; Value = "https://pricing.snapeda.com/search/part/HTSW10423SMS/?ref=eda"; VariantName = "[No Variations]"
Change component parameters (AddParameter): Name = "SnapEDA_Link"; Value = "https://www.snapeda.com/parts/HTSW10423SMS/Samtec/view-part/?ref=snap"; VariantName = "[No Variations]"
Change component parameters (AddParameter): Name = "Value"; Value = ""; VariantName = "[No Variations]"
Added Pin To Net: NetName=Out3.3 Pin=J2-01
Added Pin To Net: NetName=SWDIO Pin=J2-02
Added Pin To Net: NetName=SWCLK Pin=J2-03
Added Pin To Net: NetName=GND Pin=J2-04
