Added Component: Designator=C1(CAPC1005X55N)
Add component (AddParameter): Name = "Check_prices"; Value = "https://www.snapeda.com/parts/GCM155R11H103KA40D/Murata/view-part/?ref=eda"; VariantName = "[No Variations]"
Add component (AddParameter): Name = "MF"; Value = "Murata"; VariantName = "[No Variations]"
Add component (AddParameter): Name = "MP"; Value = "GCM155R11H103KA40D"; VariantName = "[No Variations]"
Add component (AddParameter): Name = "Package"; Value = "1005 Taiyo Yuden"; VariantName = "[No Variations]"
Add component (AddParameter): Name = "SnapEDA_Link"; Value = "https://www.snapeda.com/parts/GCM155R11H103KA40D/Murata/view-part/?ref=snap"; VariantName = "[No Variations]"
Add component (AddParameter): Name = "Value"; Value = ""; VariantName = "[No Variations]"
Added Component: Designator=D1(LED_WP7113ID)
Add component (AddParameter): Name = "Availability"; Value = "In Stock"; VariantName = "[No Variations]"
Add component (AddParameter): Name = "Check_prices"; Value = "https://www.snapeda.com/parts/WP7113ID/Kingbright/view-part/?ref=eda"; VariantName = "[No Variations]"
Add component (AddParameter): Name = "MF"; Value = "Kingbright"; VariantName = "[No Variations]"
Add component (AddParameter): Name = "MP"; Value = "WP7113ID"; VariantName = "[No Variations]"
Add component (AddParameter): Name = "Package"; Value = "Radial Kingbright"; VariantName = "[No Variations]"
Add component (AddParameter): Name = "Price"; Value = "None"; VariantName = "[No Variations]"
Add component (AddParameter): Name = "Purchase-URL"; Value = "https://pricing.snapeda.com/search/part/WP7113ID/?ref=eda"; VariantName = "[No Variations]"
Add component (AddParameter): Name = "SnapEDA_Link"; Value = "https://www.snapeda.com/parts/WP7113ID/Kingbright/view-part/?ref=snap"; VariantName = "[No Variations]"
Add component (AddParameter): Name = "Value"; Value = ""; VariantName = "[No Variations]"
Added Component: Designator=D2(LED_WP7113GD)
Add component (AddParameter): Name = "Check_prices"; Value = "https://www.snapeda.com/parts/WP7113GD/Kingbright/view-part/?ref=eda"; VariantName = "[No Variations]"
Add component (AddParameter): Name = "MF"; Value = "Kingbright"; VariantName = "[No Variations]"
Add component (AddParameter): Name = "MP"; Value = "WP7113GD"; VariantName = "[No Variations]"
Add component (AddParameter): Name = "Package"; Value = "Radial Kingbright"; VariantName = "[No Variations]"
Add component (AddParameter): Name = "SnapEDA_Link"; Value = "https://www.snapeda.com/parts/WP7113GD/Kingbright/view-part/?ref=snap"; VariantName = "[No Variations]"
Add component (AddParameter): Name = "Value"; Value = ""; VariantName = "[No Variations]"
Added Component: Designator=D3(LED_WP7113SYD)
Add component (AddParameter): Name = "Check_prices"; Value = "https://www.snapeda.com/parts/WP7113SYD/Kingbright/view-part/?ref=eda"; VariantName = "[No Variations]"
Add component (AddParameter): Name = "MF"; Value = "Kingbright"; VariantName = "[No Variations]"
Add component (AddParameter): Name = "MP"; Value = "WP7113SYD"; VariantName = "[No Variations]"
Add component (AddParameter): Name = "Package"; Value = "Radial Kingbright"; VariantName = "[No Variations]"
Add component (AddParameter): Name = "SnapEDA_Link"; Value = "https://www.snapeda.com/parts/WP7113SYD/Kingbright/view-part/?ref=snap"; VariantName = "[No Variations]"
Add component (AddParameter): Name = "Value"; Value = ""; VariantName = "[No Variations]"
Added Component: Designator=DS1(F-10(14))
Add component (AddParameter): Name = "ComponentLink1Description"; Value = "Manufacturer Link"; VariantName = "[No Variations]"
Add component (AddParameter): Name = "ComponentLink1URL"; Value = "http://www.agilent.com/"; VariantName = "[No Variations]"
Add component (AddParameter): Name = "ComponentLink2Description"; Value = "Datasheet"; VariantName = "[No Variations]"
Add component (AddParameter): Name = "ComponentLink2URL"; Value = "http://cp.literature.agilent.com/litweb/pdf/5988-2969EN.pdf"; VariantName = "[No Variations]"
Add component (AddParameter): Name = "DatasheetDocument"; Value = "20-Aug-2001"; VariantName = "[No Variations]"
Add component (AddParameter): Name = "LatestRevisionDate"; Value = "11-Oct-2004"; VariantName = "[No Variations]"
Add component (AddParameter): Name = "LatestRevisionNote"; Value = "Display outline superimposed on PCB Footprint."; VariantName = "[No Variations]"
Add component (AddParameter): Name = "LED_Colour"; Value = "AlGaAs Red"; VariantName = "[No Variations]"
Add component (AddParameter): Name = "LuminousIntensity"; Value = "3200 ucd (Minimum)."; VariantName = "[No Variations]"
Add component (AddParameter): Name = "Note"; Value = "No pins are present in positions 4, 5, 6 and 12."; VariantName = "[No Variations]"
Add component (AddParameter): Name = "PackageDocument"; Value = "20-Aug-2001"; VariantName = "[No Variations]"
Add component (AddParameter): Name = "PackageReference"; Value = "F-10(14)"; VariantName = "[No Variations]"
Add component (AddParameter): Name = "Published"; Value = "26-May-2004"; VariantName = "[No Variations]"
Add component (AddParameter): Name = "Publisher"; Value = "Altium Limited"; VariantName = "[No Variations]"
Added Component: Designator=DS2(F-10(14))
Add component (AddParameter): Name = "ComponentLink1Description"; Value = "Manufacturer Link"; VariantName = "[No Variations]"
Add component (AddParameter): Name = "ComponentLink1URL"; Value = "http://www.agilent.com/"; VariantName = "[No Variations]"
Add component (AddParameter): Name = "ComponentLink2Description"; Value = "Datasheet"; VariantName = "[No Variations]"
Add component (AddParameter): Name = "ComponentLink2URL"; Value = "http://cp.literature.agilent.com/litweb/pdf/5988-2969EN.pdf"; VariantName = "[No Variations]"
Add component (AddParameter): Name = "DatasheetDocument"; Value = "20-Aug-2001"; VariantName = "[No Variations]"
Add component (AddParameter): Name = "LatestRevisionDate"; Value = "11-Oct-2004"; VariantName = "[No Variations]"
Add component (AddParameter): Name = "LatestRevisionNote"; Value = "Display outline superimposed on PCB Footprint."; VariantName = "[No Variations]"
Add component (AddParameter): Name = "LED_Colour"; Value = "AlGaAs Red"; VariantName = "[No Variations]"
Add component (AddParameter): Name = "LuminousIntensity"; Value = "3200 ucd (Minimum)."; VariantName = "[No Variations]"
Add component (AddParameter): Name = "Note"; Value = "No pins are present in positions 4, 5, 6 and 12."; VariantName = "[No Variations]"
Add component (AddParameter): Name = "PackageDocument"; Value = "20-Aug-2001"; VariantName = "[No Variations]"
Add component (AddParameter): Name = "PackageReference"; Value = "F-10(14)"; VariantName = "[No Variations]"
Add component (AddParameter): Name = "Published"; Value = "26-May-2004"; VariantName = "[No Variations]"
Add component (AddParameter): Name = "Publisher"; Value = "Altium Limited"; VariantName = "[No Variations]"
Added Component: Designator=IC1(SOIC127P600X175-16N)
Add component (AddParameter): Name = "Check_prices"; Value = "https://www.snapeda.com/parts/74HC595D/NXP+Semiconductors/view-part/?ref=eda"; VariantName = "[No Variations]"
Add component (AddParameter): Name = "MF"; Value = "NXP Semiconductors"; VariantName = "[No Variations]"
Add component (AddParameter): Name = "MP"; Value = "74HC595D"; VariantName = "[No Variations]"
Add component (AddParameter): Name = "Package"; Value = "SOIC-16 ON Semiconductor"; VariantName = "[No Variations]"
Add component (AddParameter): Name = "SnapEDA_Link"; Value = "https://www.snapeda.com/parts/74HC595D/NXP+Semiconductors/view-part/?ref=snap"; VariantName = "[No Variations]"
Add component (AddParameter): Name = "Value"; Value = ""; VariantName = "[No Variations]"
Added Component: Designator=IC2(SOIC127P600X175-16N)
Add component (AddParameter): Name = "Check_prices"; Value = "https://www.snapeda.com/parts/74HC595D/NXP+Semiconductors/view-part/?ref=eda"; VariantName = "[No Variations]"
Add component (AddParameter): Name = "MF"; Value = "NXP Semiconductors"; VariantName = "[No Variations]"
Add component (AddParameter): Name = "MP"; Value = "74HC595D"; VariantName = "[No Variations]"
Add component (AddParameter): Name = "Package"; Value = "SOIC-16 ON Semiconductor"; VariantName = "[No Variations]"
Add component (AddParameter): Name = "SnapEDA_Link"; Value = "https://www.snapeda.com/parts/74HC595D/NXP+Semiconductors/view-part/?ref=snap"; VariantName = "[No Variations]"
Add component (AddParameter): Name = "Value"; Value = ""; VariantName = "[No Variations]"
Added Component: Designator=J1(QUALTEK_703W-00/52)
Add component (AddParameter): Name = "Availability"; Value = "Unavailable"; VariantName = "[No Variations]"
Add component (AddParameter): Name = "MF"; Value = "Qualtek"; VariantName = "[No Variations]"
Add component (AddParameter): Name = "MP"; Value = "703W-00/52"; VariantName = "[No Variations]"
Add component (AddParameter): Name = "Package"; Value = "None"; VariantName = "[No Variations]"
Add component (AddParameter): Name = "Price"; Value = "None"; VariantName = "[No Variations]"
Add component (AddParameter): Name = "SnapEDA_Link"; Value = "https://www.snapeda.com/parts/703W-00/52/Qualtek/view-part/46399/?ref=snap"; VariantName = "[No Variations]"
Add component (AddParameter): Name = "Value"; Value = ""; VariantName = "[No Variations]"
Added Component: Designator=PS1(CONV_RACM40-05SK/OF/PCB-T)
Add component (AddParameter): Name = "Check_prices"; Value = "https://www.snapeda.com/parts/RACM40-05SK/OF/PCB-T/Recom+Power/view-part/?ref=eda"; VariantName = "[No Variations]"
Add component (AddParameter): Name = "MF"; Value = "Recom Power"; VariantName = "[No Variations]"
Add component (AddParameter): Name = "MP"; Value = "RACM40-05SK/OF/PCB-T"; VariantName = "[No Variations]"
Add component (AddParameter): Name = "Package"; Value = "DIP-7 Recom Power"; VariantName = "[No Variations]"
Add component (AddParameter): Name = "SnapEDA_Link"; Value = "https://www.snapeda.com/parts/RACM40-05SK/OF/PCB-T/Recom+Power/view-part/?ref=snap"; VariantName = "[No Variations]"
Add component (AddParameter): Name = "Value"; Value = ""; VariantName = "[No Variations]"
Added Component: Designator=PS2(CONV_RAC10-3.3SK/277)
Add component (AddParameter): Name = "Arrow_Electronics-Purchase-URL"; Value = "https://snapeda.com/shop?store=Arrow+Electronics&id=2246573"; VariantName = "[No Variations]"
Add component (AddParameter): Name = "Availability"; Value = "Warning"; VariantName = "[No Variations]"
Add component (AddParameter): Name = "DigiKey-Purchase-URL"; Value = "https://snapeda.com/shop?store=DigiKey&id=2246573"; VariantName = "[No Variations]"
Add component (AddParameter): Name = "MF"; Value = "Recom Power"; VariantName = "[No Variations]"
Add component (AddParameter): Name = "Mouser-Purchase-URL"; Value = "https://snapeda.com/shop?store=Mouser&id=2246573"; VariantName = "[No Variations]"
Add component (AddParameter): Name = "MP"; Value = "RAC10-3.3SK/277"; VariantName = "[No Variations]"
Add component (AddParameter): Name = "Package"; Value = "DIP-4 Recom Power"; VariantName = "[No Variations]"
Add component (AddParameter): Name = "Price"; Value = "None"; VariantName = "[No Variations]"
Add component (AddParameter): Name = "SnapEDA_Link"; Value = "https://www.snapeda.com/parts/RAC10-3.3SK/277/Recom%20Power/view-part/2246573/?ref=snap"; VariantName = "[No Variations]"
Add component (AddParameter): Name = "Value"; Value = ""; VariantName = "[No Variations]"
Added Component: Designator=R1(RESC2012X60N)
Add component (AddParameter): Name = "Availability"; Value = "In Stock"; VariantName = "[No Variations]"
Add component (AddParameter): Name = "Check_prices"; Value = "https://www.snapeda.com/parts/RC0805FR-0710KL/Yageo/view-part/?ref=eda"; VariantName = "[No Variations]"
Add component (AddParameter): Name = "MF"; Value = "Yageo"; VariantName = "[No Variations]"
Add component (AddParameter): Name = "MP"; Value = "RC0805FR-0710KL"; VariantName = "[No Variations]"
Add component (AddParameter): Name = "Package"; Value = "2012 Rohm Semiconductor"; VariantName = "[No Variations]"
Add component (AddParameter): Name = "Price"; Value = "None"; VariantName = "[No Variations]"
Add component (AddParameter): Name = "Purchase-URL"; Value = "https://pricing.snapeda.com/search/part/RC0805FR-0710KL/?ref=eda"; VariantName = "[No Variations]"
Add component (AddParameter): Name = "SnapEDA_Link"; Value = "https://www.snapeda.com/parts/RC0805FR-0710KL/Yageo/view-part/?ref=snap"; VariantName = "[No Variations]"
Add component (AddParameter): Name = "Value"; Value = ""; VariantName = "[No Variations]"
Add Component: Footprint Not Found TE_4-1437565-9
Add Component: Footprint Not Found TE_4-1437565-9
Add Component: Footprint Not Found TE_4-1437565-9
Add Component: Footprint Not Found TE_4-1437565-9
Add Component: Footprint Not Found TE_4-1437565-9
Add Component: Footprint Not Found TE_4-1437565-9
Added Component: Designator=U1(Stm32 BluePill)
Add Component: Footprint Not Found XCVR_NRF24L01P-MODULE-PCB
Added Component: Designator=U3(MODULE_LCD-16X2)
Add component (AddParameter): Name = "Check_prices"; Value = "https://www.snapeda.com/parts/LCD-16X2/Gravitech/view-part/?ref=eda"; VariantName = "[No Variations]"
Add component (AddParameter): Name = "MF"; Value = "Gravitech"; VariantName = "[No Variations]"
Add component (AddParameter): Name = "MP"; Value = "LCD-16X2"; VariantName = "[No Variations]"
Add component (AddParameter): Name = "Package"; Value = "None"; VariantName = "[No Variations]"
Add component (AddParameter): Name = "SnapEDA_Link"; Value = "https://www.snapeda.com/parts/LCD-16X2/Gravitech/view-part/?ref=snap"; VariantName = "[No Variations]"
Add component (AddParameter): Name = "Value"; Value = ""; VariantName = "[No Variations]"
Added Component: Designator=U4(PCF8574)
Added Pin To Net: NetName=+5V Pin=DS1-3
Added Pin To Net: NetName=+5V Pin=DS1-14
Added Pin To Net: NetName=+5V Pin=DS2-3
Added Pin To Net: NetName=+5V Pin=DS2-14
Added Pin To Net: NetName=+5V Pin=IC1-16
Added Pin To Net: NetName=+5V Pin=IC2-16
Added Pin To Net: NetName=+5V Pin=U4-19
Added Net: Name=+5V
Added Pin To Net: NetName=A Pin=U3-15
Added Pin To Net: NetName=A Pin=U4-15
Added Net: Name=A
Added Pin To Net: NetName=DB0 Pin=U3-7
Added Pin To Net: NetName=DB0 Pin=U4-7
Added Net: Name=DB0
Added Pin To Net: NetName=DB1 Pin=U3-8
Added Pin To Net: NetName=DB1 Pin=U4-8
Added Net: Name=DB1
Added Pin To Net: NetName=DB2 Pin=U3-9
Added Pin To Net: NetName=DB2 Pin=U4-9
Added Net: Name=DB2
Added Pin To Net: NetName=DB3 Pin=U3-10
Added Pin To Net: NetName=DB3 Pin=U4-10
Added Net: Name=DB3
Added Pin To Net: NetName=DB4 Pin=U3-11
Added Pin To Net: NetName=DB4 Pin=U4-11
Added Net: Name=DB4
Added Pin To Net: NetName=DB5 Pin=U3-12
Added Pin To Net: NetName=DB5 Pin=U4-12
Added Net: Name=DB5
Added Pin To Net: NetName=DB6 Pin=U3-13
Added Pin To Net: NetName=DB6 Pin=U4-13
Added Net: Name=DB6
Added Pin To Net: NetName=DB7 Pin=U3-14
Added Pin To Net: NetName=DB7 Pin=U4-14
Added Net: Name=DB7
Added Pin To Net: NetName=E Pin=U3-6
Added Pin To Net: NetName=E Pin=U4-6
Added Net: Name=E
Added Pin To Net: NetName=GND Pin=C1-1
Added Pin To Net: NetName=GND Pin=D1-C
Added Pin To Net: NetName=GND Pin=D2-C
Added Pin To Net: NetName=GND Pin=D3-C
Added Pin To Net: NetName=GND Pin=IC1-8
Added Pin To Net: NetName=GND Pin=IC1-13
Added Pin To Net: NetName=GND Pin=IC2-8
Added Pin To Net: NetName=GND Pin=IC2-13
Added Pin To Net: NetName=GND Pin=J1-2
Added Pin To Net: NetName=GND Pin=U1-19
Added Pin To Net: NetName=GND Pin=U1-39
Added Pin To Net: NetName=GND Pin=U1-40
Added Pin To Net: NetName=GND Pin=U4-20
Added Net: Name=GND
Added Pin To Net: NetName=K Pin=U3-16
Added Pin To Net: NetName=K Pin=U4-16
Added Net: Name=K
Added Pin To Net: NetName=Line Pin=J1-1
Added Pin To Net: NetName=Line Pin=PS1-3
Added Pin To Net: NetName=Line Pin=PS2-2
Added Net: Name=Line
Added Pin To Net: NetName=NetC1_2 Pin=C1-2
Added Pin To Net: NetName=NetC1_2 Pin=R1-2
Added Pin To Net: NetName=NetC1_2 Pin=U1-37
Added Net: Name=NetC1_2
Added Pin To Net: NetName=NetDS1_1 Pin=DS1-1
Added Pin To Net: NetName=NetDS1_1 Pin=IC1-15
Added Net: Name=NetDS1_1
Added Pin To Net: NetName=NetDS1_2 Pin=DS1-2
Added Pin To Net: NetName=NetDS1_2 Pin=IC1-5
Added Net: Name=NetDS1_2
Added Pin To Net: NetName=NetDS1_7 Pin=DS1-7
Added Pin To Net: NetName=NetDS1_7 Pin=IC1-4
Added Net: Name=NetDS1_7
Added Pin To Net: NetName=NetDS1_8 Pin=DS1-8
Added Pin To Net: NetName=NetDS1_8 Pin=IC1-3
Added Net: Name=NetDS1_8
Added Pin To Net: NetName=NetDS1_9 Pin=DS1-9
Added Pin To Net: NetName=NetDS1_9 Pin=IC1-7
Added Net: Name=NetDS1_9
Added Pin To Net: NetName=NetDS1_10 Pin=DS1-10
Added Pin To Net: NetName=NetDS1_10 Pin=IC1-2
Added Net: Name=NetDS1_10
Added Pin To Net: NetName=NetDS1_11 Pin=DS1-11
Added Pin To Net: NetName=NetDS1_11 Pin=IC1-6
Added Net: Name=NetDS1_11
Added Pin To Net: NetName=NetDS1_13 Pin=DS1-13
Added Pin To Net: NetName=NetDS1_13 Pin=IC1-1
Added Net: Name=NetDS1_13
Added Pin To Net: NetName=NetDS2_1 Pin=DS2-1
Added Pin To Net: NetName=NetDS2_1 Pin=IC2-15
Added Net: Name=NetDS2_1
Added Pin To Net: NetName=NetDS2_2 Pin=DS2-2
Added Pin To Net: NetName=NetDS2_2 Pin=IC2-5
Added Net: Name=NetDS2_2
Added Pin To Net: NetName=NetDS2_7 Pin=DS2-7
Added Pin To Net: NetName=NetDS2_7 Pin=IC2-4
Added Net: Name=NetDS2_7
Added Pin To Net: NetName=NetDS2_8 Pin=DS2-8
Added Pin To Net: NetName=NetDS2_8 Pin=IC2-3
Added Net: Name=NetDS2_8
Added Pin To Net: NetName=NetDS2_9 Pin=DS2-9
Added Pin To Net: NetName=NetDS2_9 Pin=IC2-7
Added Net: Name=NetDS2_9
Added Pin To Net: NetName=NetDS2_10 Pin=DS2-10
Added Pin To Net: NetName=NetDS2_10 Pin=IC2-2
Added Net: Name=NetDS2_10
Added Pin To Net: NetName=NetDS2_11 Pin=DS2-11
Added Pin To Net: NetName=NetDS2_11 Pin=IC2-6
Added Net: Name=NetDS2_11
Added Pin To Net: NetName=NetDS2_13 Pin=DS2-13
Added Pin To Net: NetName=NetDS2_13 Pin=IC2-1
Added Net: Name=NetDS2_13
Added Pin To Net: NetName=NetIC1_9 Pin=IC1-9
Added Pin To Net: NetName=NetIC1_9 Pin=IC2-14
Added Net: Name=NetIC1_9
Added Pin To Net: NetName=Neutral Pin=J1-3
Added Pin To Net: NetName=Neutral Pin=PS1-1
Added Pin To Net: NetName=Neutral Pin=PS2-1
Added Net: Name=Neutral
Added Pin To Net: NetName=Out3.3 Pin=PS2-5
Added Pin To Net: NetName=Out3.3 Pin=R1-1
Added Pin To Net: NetName=Out3.3 Pin=U1-20
Added Pin To Net: NetName=Out3.3 Pin=U1-38
Added Net: Name=Out3.3
Added Pin To Net: NetName=Out5 Pin=PS1-6
Added Pin To Net: NetName=Out5 Pin=U1-18
Added Net: Name=Out5
Added Pin To Net: NetName=PA0 Pin=U1-25
Added Net: Name=PA0
Added Pin To Net: NetName=PA1 Pin=U1-26
Added Net: Name=PA1
Added Pin To Net: NetName=PA3 Pin=U1-28
Added Net: Name=PA3
Added Pin To Net: NetName=PA4 Pin=U1-29
Added Net: Name=PA4
Added Pin To Net: NetName=PA5 Pin=U1-30
Added Net: Name=PA5
Added Pin To Net: NetName=PA6 Pin=U1-31
Added Net: Name=PA6
Added Pin To Net: NetName=PA7 Pin=U1-32
Added Net: Name=PA7
Added Pin To Net: NetName=PA8 Pin=D2-A
Added Pin To Net: NetName=PA8 Pin=U1-5
Added Net: Name=PA8
Added Pin To Net: NetName=PA9 Pin=D3-A
Added Pin To Net: NetName=PA9 Pin=U1-6
Added Net: Name=PA9
Added Pin To Net: NetName=PA10 Pin=D1-A
Added Pin To Net: NetName=PA10 Pin=U1-7
Added Net: Name=PA10
Added Pin To Net: NetName=PB5 Pin=U1-13
Added Net: Name=PB5
Added Pin To Net: NetName=PB6 Pin=U1-14
Added Net: Name=PB6
Added Pin To Net: NetName=PB7 Pin=U1-15
Added Net: Name=PB7
Added Pin To Net: NetName=PB8 Pin=U1-16
Added Net: Name=PB8
Added Pin To Net: NetName=PB9 Pin=U1-17
Added Net: Name=PB9
Added Pin To Net: NetName=PB10 Pin=U1-35
Added Pin To Net: NetName=PB10 Pin=U4-17
Added Net: Name=PB10
Added Pin To Net: NetName=PB11 Pin=U1-36
Added Pin To Net: NetName=PB11 Pin=U4-18
Added Net: Name=PB11
Added Pin To Net: NetName=PB12 Pin=IC1-12
Added Pin To Net: NetName=PB12 Pin=IC2-12
Added Pin To Net: NetName=PB12 Pin=U1-1
Added Net: Name=PB12
Added Pin To Net: NetName=PB13 Pin=IC1-11
Added Pin To Net: NetName=PB13 Pin=IC2-11
Added Pin To Net: NetName=PB13 Pin=U1-2
Added Net: Name=PB13
Added Pin To Net: NetName=PB15 Pin=IC1-14
Added Pin To Net: NetName=PB15 Pin=U1-4
Added Net: Name=PB15
Added Pin To Net: NetName=R/W Pin=U3-5
Added Pin To Net: NetName=R/W Pin=U4-5
Added Net: Name=R/W
Added Pin To Net: NetName=RS Pin=U3-4
Added Pin To Net: NetName=RS Pin=U4-4
Added Net: Name=RS
Added Pin To Net: NetName=VDD Pin=U3-2
Added Pin To Net: NetName=VDD Pin=U4-2
Added Net: Name=VDD
Added Pin To Net: NetName=VO Pin=U3-3
Added Pin To Net: NetName=VO Pin=U4-3
Added Net: Name=VO
Added Pin To Net: NetName=VSS Pin=U3-1
Added Pin To Net: NetName=VSS Pin=U4-1
Added Net: Name=VSS
Added Class: Name=PCB_Master_Traffic_Light
Added Rule: Name=Schematic Supply Nets
