Removed Pin From Net: NetName=PC13 Pin=H1-2
Removed Pin From Net: NetName=PC14 Pin=H1-3
Removed Pin From Net: NetName=PC15 Pin=H1-4
Removed Pin From Net: NetName=PA0 Pin=H1-5
Removed Pin From Net: NetName=PA3 Pin=H1-8
Removed Pin From Net: NetName=PA4 Pin=H1-9
Removed Pin From Net: NetName=PA5 Pin=H1-10
Removed Pin From Net: NetName=PA6 Pin=H1-11
Removed Pin From Net: NetName=PA7 Pin=H1-12
Removed Pin From Net: NetName=PB1 Pin=H1-14
Removed Pin From Net: NetName=PB10 Pin=H1-15
Removed Pin From Net: NetName=PB11 Pin=H1-16
Removed Pin From Net: NetName=RESET Pin=H1-17
Removed Pin From Net: NetName=3V3 Pin=H1-18
Removed Pin From Net: NetName=GND Pin=H1-19
Removed Pin From Net: NetName=GND Pin=H1-20
Removed Pin From Net: NetName=3V3 Pin=H2-1
Removed Pin From Net: NetName=GND Pin=H2-2
Removed Pin From Net: NetName=Out5 Pin=H2-3
Removed Pin From Net: NetName=PB4 Pin=H2-9
Removed Pin From Net: NetName=PB3 Pin=H2-10
Removed Pin From Net: NetName=PA15 Pin=H2-11
Removed Pin From Net: NetName=PA12 Pin=H2-12
Removed Pin From Net: NetName=PA11 Pin=H2-13
Removed Pin From Net: NetName=PA10 Pin=H2-14
Removed Pin From Net: NetName=PA9 Pin=H2-15
Removed Pin From Net: NetName=PA8 Pin=H2-16
Removed Pin From Net: NetName=PB15 Pin=H2-17
Removed Pin From Net: NetName=PB13 Pin=H2-19
Removed Member From Class: ClassName=PCB_Master_Traffic_Light Member=H1
Removed Member From Class: ClassName=PCB_Master_Traffic_Light Member=H2
Added Pin To Net: NetName=PA8 Pin=J9-01
Added Pin To Net: NetName=PA9 Pin=J9-02
Added Pin To Net: NetName=PA10 Pin=J9-03
Added Pin To Net: NetName=GND Pin=J9-04
Added Pin To Net: NetName=Out5 Pin=U5-2
